0 verbose cli E:\nodejs\node.exe E:\nodejs\node_modules\npm\bin\npm-cli.js
1 info using npm@11.6.2
2 info using node@v24.13.0
3 silly config load:file:E:\nodejs\node_modules\npm\npmrc
4 silly config load:file:E:\project\javaProject\meeting_room\.npmrc
5 silly config load:file:C:\Users\Acer\.npmrc
6 silly config load:file:E:\nodejs\node_global\etc\npmrc
7 verbose title npm exec skills add https://github.com/vercel-labs/skills --skill find-skills
8 verbose argv "exec" "--" "skills" "add" "https://github.com/vercel-labs/skills" "--skill" "find-skills"
9 verbose logfile logs-max:10 dir:E:\project\javaProject\meeting_room\.tmp\npx-cache\_logs\2026-04-18T12_50_50_307Z-
10 verbose logfile E:\project\javaProject\meeting_room\.tmp\npx-cache\_logs\2026-04-18T12_50_50_307Z-debug-0.log
11 silly logfile done cleaning log files
12 silly packumentCache heap:4496293888 maxSize:1124073472 maxEntrySize:562036736
13 http fetch GET 200 https://registry.npmmirror.com/skills 153ms (cache miss)
14 silly packumentCache heap:4496293888 maxSize:1124073472 maxEntrySize:562036736
15 http fetch GET 200 https://registry.npmmirror.com/npm 188ms
16 silly packumentCache heap:4496293888 maxSize:1124073472 maxEntrySize:562036736
17 warn exec The following package was not found and will be installed: skills@1.5.1
18 silly idealTree buildDeps
19 silly fetch manifest skills@1.5.1
20 silly packumentCache full:http://registry.npmmirror.com/skills cache-miss
21 http fetch GET 200 https://registry.npmmirror.com/skills 90ms (cache miss)
22 silly packumentCache full:http://registry.npmmirror.com/skills set size:32994 disposed:false
23 silly placeDep ROOT skills@1.5.1 OK for:  want: 1.5.1
24 silly fetch manifest yaml@^2.8.3
25 silly packumentCache full:http://registry.npmmirror.com/yaml cache-miss
26 http fetch GET 200 https://registry.npmmirror.com/yaml 68ms (cache miss)
27 silly packumentCache full:http://registry.npmmirror.com/yaml set size:56159 disposed:false
28 silly placeDep ROOT yaml@2.8.3 OK for: skills@1.5.1 want: ^2.8.3
29 silly reify moves {}
30 silly audit bulk request { skills: [ '1.5.1' ], yaml: [ '2.8.3' ] }
31 http cache yaml@https://registry.npmmirror.com/yaml/-/yaml-2.8.3.tgz 0ms (cache hit)
32 http cache skills@https://registry.npmmirror.com/skills/-/skills-1.5.1.tgz 0ms (cache hit)
33 silly tarball no local data for yaml@https://registry.npmmirror.com/yaml/-/yaml-2.8.3.tgz. Extracting by manifest.
34 silly tarball no local data for skills@https://registry.npmmirror.com/skills/-/skills-1.5.1.tgz. Extracting by manifest.
35 http fetch POST 404 https://registry.npmmirror.com/-/npm/v1/security/advisories/bulk 71ms (cache skip)
36 verbose audit error HttpErrorGeneral: 404 Not Found - POST https://registry.npmmirror.com/-/npm/v1/security/advisories/bulk - [NOT_IMPLEMENTED] /-/npm/v1/security/* not implemented yet
36 verbose audit error     at E:\nodejs\node_modules\npm\node_modules\npm-registry-fetch\lib\check-response.js:103:15
36 verbose audit error     at process.processTicksAndRejections (node:internal/process/task_queues:103:5)
36 verbose audit error     at async #getReport (E:\nodejs\node_modules\npm\node_modules\@npmcli\arborist\lib\audit-report.js:275:19)
36 verbose audit error     at async AuditReport.run (E:\nodejs\node_modules\npm\node_modules\@npmcli\arborist\lib\audit-report.js:100:19) {
36 verbose audit error   headers: [Object: null prototype] {
36 verbose audit error     server: [ 'Tengine' ],
36 verbose audit error     date: [ 'Sat, 18 Apr 2026 12:50:51 GMT' ],
36 verbose audit error     'content-type': [ 'application/json' ],
36 verbose audit error     'transfer-encoding': [ 'chunked' ],
36 verbose audit error     connection: [ 'keep-alive' ],
36 verbose audit error     'strict-transport-security': [ 'max-age=5184000' ],
36 verbose audit error     via: [ 'kunlun1.cn7971[,404666]' ],
36 verbose audit error     'timing-allow-origin': [ '*' ],
36 verbose audit error     eagleid: [ '7ae4d61517765166510177878e' ],
36 verbose audit error     'x-fetch-attempts': [ '1' ],
36 verbose audit error     'x-local-cache-status': [ 'skip' ]
36 verbose audit error   },
36 verbose audit error   statusCode: 404,
36 verbose audit error   code: 'E404',
36 verbose audit error   method: 'POST',
36 verbose audit error   uri: 'https://registry.npmmirror.com/-/npm/v1/security/advisories/bulk',
36 verbose audit error   body: {
36 verbose audit error     error: '[NOT_IMPLEMENTED] /-/npm/v1/security/* not implemented yet'
36 verbose audit error   },
36 verbose audit error   pkgid: undefined
36 verbose audit error }
37 silly audit error [object Object]
38 silly audit report null
39 http fetch GET 200 https://cdn.npmmirror.com/packages/skills/1.5.1/skills-1.5.1.tgz 154ms (cache miss)
40 http fetch GET 200 https://cdn.npmmirror.com/packages/yaml/2.8.3/yaml-2.8.3.tgz 462ms (cache miss)
41 verbose cwd E:\project\javaProject\meeting_room
42 verbose os Windows_NT 10.0.26200
43 verbose node v24.13.0
44 verbose npm  v11.6.2
45 notice
45 notice New minor version of npm available! 11.6.2 -> 11.12.1
45 notice Changelog: https://github.com/npm/cli/releases/tag/v11.12.1
45 notice To update run: npm install -g npm@11.12.1
45 notice  { force: true, Symbol(proc-log.meta): true }
46 verbose exit 0
47 info ok
