[INFO] Scanning for projects...
[INFO] 
[INFO] ------------------------< com.llf:meeting_room >------------------------
[INFO] Building meeting_room 1.0.0
[INFO]   from pom.xml
[INFO] --------------------------------[ pom ]---------------------------------
[INFO] 
[INFO] --- install:3.1.4:install (default-install) @ meeting_room ---
[INFO] Installing E:\project\javaProject\meeting_room\pom.xml to E:\Maven\maven-repository\com\llf\meeting_room\1.0.0\meeting_room-1.0.0.pom
[INFO] ------------------------------------------------------------------------
[INFO] BUILD SUCCESS
[INFO] ------------------------------------------------------------------------
[INFO] Total time:  0.876 s
[INFO] Finished at: 2026-05-12T13:10:37+08:00
[INFO] ------------------------------------------------------------------------
[INFO] Scanning for projects...
[INFO] 
[INFO] --------------------< com.llf:meeting-room-common >---------------------
[INFO] Building meeting-room-common 1.0.0
[INFO]   from pom.xml
[INFO] --------------------------------[ jar ]---------------------------------
[INFO] 
[INFO] --- clean:3.4.1:clean (default-clean) @ meeting-room-common ---
[INFO] Deleting E:\project\javaProject\meeting_room\meeting-room-common\target
[INFO] 
[INFO] --- resources:3.3.1:resources (default-resources) @ meeting-room-common ---
[INFO] Copying 0 resource from src\main\resources to target\classes
[INFO] Copying 0 resource from src\main\resources to target\classes
[INFO] 
[INFO] --- compiler:3.14.0:compile (default-compile) @ meeting-room-common ---
[WARNING]  Parameter 'compilerVersion' (user property 'maven.compiler.compilerVersion') is deprecated: This parameter is no longer evaluated by the underlying compilers, instead the actual version of the javac binary is automatically retrieved.
[INFO] Recompiling the module because of changed source code.
[INFO] Compiling 7 source files with javac [debug parameters release 21] to target\classes
[INFO] 由于在类路径中发现了一个或多个处理程序，因此启用了
  批注处理。未来发行版的 javac 可能会禁用批注处理，
  除非至少按名称指定了一个处理程序 (-processor)，
  或指定了搜索路径 (--processor-path, --processor-module-path)，
  或显式启用了批注处理 (-proc:only, -proc:full)。
  可使用 -Xlint:-options 隐藏此消息。
  可使用 -proc:none 禁用批注处理。
[INFO] 
[INFO] --- resources:3.3.1:testResources (default-testResources) @ meeting-room-common ---
[INFO] Not copying test resources
[INFO] 
[INFO] --- compiler:3.14.0:testCompile (default-testCompile) @ meeting-room-common ---
[WARNING]  Parameter 'compilerVersion' (user property 'maven.compiler.compilerVersion') is deprecated: This parameter is no longer evaluated by the underlying compilers, instead the actual version of the javac binary is automatically retrieved.
[INFO] Not compiling test sources
[INFO] 
[INFO] --- surefire:3.5.3:test (default-test) @ meeting-room-common ---
[INFO] Tests are skipped.
[INFO] 
[INFO] --- jar:3.4.2:jar (default-jar) @ meeting-room-common ---
[INFO] Building jar: E:\project\javaProject\meeting_room\meeting-room-common\target\meeting-room-common-1.0.0.jar
[INFO] 
[INFO] --- spring-boot:3.5.4:repackage (repackage) @ meeting-room-common ---
[INFO] 
[INFO] --- install:3.1.4:install (default-install) @ meeting-room-common ---
[INFO] Installing E:\project\javaProject\meeting_room\meeting-room-common\pom.xml to E:\Maven\maven-repository\com\llf\meeting-room-common\1.0.0\meeting-room-common-1.0.0.pom
[INFO] Installing E:\project\javaProject\meeting_room\meeting-room-common\target\meeting-room-common-1.0.0.jar to E:\Maven\maven-repository\com\llf\meeting-room-common\1.0.0\meeting-room-common-1.0.0.jar
[INFO] ------------------------------------------------------------------------
[INFO] BUILD SUCCESS
[INFO] ------------------------------------------------------------------------
[INFO] Total time:  5.647 s
[INFO] Finished at: 2026-05-12T13:10:44+08:00
[INFO] ------------------------------------------------------------------------
[INFO] Scanning for projects...
[INFO] 
[INFO] --------------------< com.llf:meeting-room-server >---------------------
[INFO] Building meeting-room-server 1.0.0
[INFO]   from pom.xml
[INFO] --------------------------------[ jar ]---------------------------------
[INFO] 
[INFO] >>> spring-boot:3.5.4:run (default-cli) > test-compile @ meeting-room-server >>>
[INFO] 
[INFO] --- resources:3.3.1:resources (default-resources) @ meeting-room-server ---
[INFO] Copying 1 resource from src\main\resources to target\classes
[INFO] Copying 4 resources from src\main\resources to target\classes
[INFO] 
[INFO] --- compiler:3.14.0:compile (default-compile) @ meeting-room-server ---
[WARNING]  Parameter 'compilerVersion' (user property 'maven.compiler.compilerVersion') is deprecated: This parameter is no longer evaluated by the underlying compilers, instead the actual version of the javac binary is automatically retrieved.
[INFO] Nothing to compile - all classes are up to date.
[INFO] 
[INFO] --- resources:3.3.1:testResources (default-testResources) @ meeting-room-server ---
[INFO] Not copying test resources
[INFO] 
[INFO] --- compiler:3.14.0:testCompile (default-testCompile) @ meeting-room-server ---
[WARNING]  Parameter 'compilerVersion' (user property 'maven.compiler.compilerVersion') is deprecated: This parameter is no longer evaluated by the underlying compilers, instead the actual version of the javac binary is automatically retrieved.
[INFO] Not compiling test sources
[INFO] 
[INFO] <<< spring-boot:3.5.4:run (default-cli) < test-compile @ meeting-room-server <<<
[INFO] 
[INFO] 
[INFO] --- spring-boot:3.5.4:run (default-cli) @ meeting-room-server ---
[INFO] Attaching agents: []

  .   ____          _            __ _ _
 /\\ / ___'_ __ _ _(_)_ __  __ _ \ \ \ \
( ( )\___ | '_ | '_| | '_ \/ _` | \ \ \ \
 \\/  ___)| |_)| | | | | || (_| |  ) ) ) )
  '  |____| .__|_| |_|_| |_\__, | / / / /
 =========|_|==============|___/=/_/_/_/

 :: Spring Boot ::                (v3.5.4)

2026-05-12T13:10:49.608+08:00  INFO 23260 --- [           main] com.llf.MeetingRoomServerApplication     : Starting MeetingRoomServerApplication using Java 21.0.10 with PID 23260 (E:\project\javaProject\meeting_room\meeting-room-server\target\classes started by Acer in E:\project\javaProject\meeting_room\meeting-room-server)
2026-05-12T13:10:49.611+08:00  INFO 23260 --- [           main] com.llf.MeetingRoomServerApplication     : No active profile set, falling back to 1 default profile: "default"
2026-05-12T13:10:50.692+08:00  INFO 23260 --- [           main] o.s.b.w.embedded.tomcat.TomcatWebServer  : Tomcat initialized with port 8081 (http)
2026-05-12T13:10:50.713+08:00  INFO 23260 --- [           main] o.apache.catalina.core.StandardService   : Starting service [Tomcat]
2026-05-12T13:10:50.713+08:00  INFO 23260 --- [           main] o.apache.catalina.core.StandardEngine    : Starting Servlet engine: [Apache Tomcat/10.1.43]
2026-05-12T13:10:50.770+08:00  INFO 23260 --- [           main] o.a.c.c.C.[Tomcat].[localhost].[/]       : Initializing Spring embedded WebApplicationContext
2026-05-12T13:10:50.771+08:00  INFO 23260 --- [           main] w.s.c.ServletWebServerApplicationContext : Root WebApplicationContext: initialization completed in 1124 ms
Logging initialized using 'class org.apache.ibatis.logging.stdout.StdOutImpl' adapter.
2026-05-12T13:10:51.695+08:00  WARN 23260 --- [           main] ConfigServletWebServerApplicationContext : Exception encountered during context initialization - cancelling refresh attempt: org.springframework.context.ApplicationContextException: Failed to start bean 'webServerStartStop'
2026-05-12T13:10:51.706+08:00  INFO 23260 --- [           main] .s.b.a.l.ConditionEvaluationReportLogger : 

Error starting ApplicationContext. To display the condition evaluation report re-run your application with 'debug' enabled.
2026-05-12T13:10:51.716+08:00 ERROR 23260 --- [           main] o.s.b.d.LoggingFailureAnalysisReporter   : 

***************************
APPLICATION FAILED TO START
***************************

Description:

Web server failed to start. Port 8081 was already in use.

Action:

Identify and stop the process that's listening on port 8081 or configure this application to listen on another port.

[INFO] ------------------------------------------------------------------------
[INFO] BUILD FAILURE
[INFO] ------------------------------------------------------------------------
[INFO] Total time:  6.059 s
[INFO] Finished at: 2026-05-12T13:10:52+08:00
[INFO] ------------------------------------------------------------------------
[ERROR] Failed to execute goal org.springframework.boot:spring-boot-maven-plugin:3.5.4:run (default-cli) on project meeting-room-server: Process terminated with exit code: 1 -> [Help 1]
[ERROR] 
[ERROR] To see the full stack trace of the errors, re-run Maven with the -e switch.
[ERROR] Re-run Maven using the -X switch to enable full debug logging.
[ERROR] 
[ERROR] For more information about the errors and possible solutions, please read the following articles:
[ERROR] [Help 1] http://cwiki.apache.org/confluence/display/MAVEN/MojoExecutionException
