[INFO] Scanning for projects...
[INFO] 
[INFO] ------------------------< com.llf:meeting_room >------------------------
[INFO] Building meeting_room 1.0.0
[INFO]   from pom.xml
[INFO] --------------------------------[ pom ]---------------------------------
[INFO] 
[INFO] --- install:3.1.4:install (default-install) @ meeting_room ---
[INFO] Installing E:\project\javaProject\meeting_room\pom.xml to E:\Maven\maven-repository\com\llf\meeting_room\1.0.0\meeting_room-1.0.0.pom
[INFO] ------------------------------------------------------------------------
[INFO] BUILD SUCCESS
[INFO] ------------------------------------------------------------------------
[INFO] Total time:  0.739 s
[INFO] Finished at: 2026-05-12T13:05:18+08:00
[INFO] ------------------------------------------------------------------------
[INFO] Scanning for projects...
[INFO] 
[INFO] --------------------< com.llf:meeting-room-common >---------------------
[INFO] Building meeting-room-common 1.0.0
[INFO]   from pom.xml
[INFO] --------------------------------[ jar ]---------------------------------
[INFO] 
[INFO] --- clean:3.4.1:clean (default-clean) @ meeting-room-common ---
[INFO] Deleting E:\project\javaProject\meeting_room\meeting-room-common\target
[INFO] 
[INFO] --- resources:3.3.1:resources (default-resources) @ meeting-room-common ---
[INFO] Copying 0 resource from src\main\resources to target\classes
[INFO] Copying 0 resource from src\main\resources to target\classes
[INFO] 
[INFO] --- compiler:3.14.0:compile (default-compile) @ meeting-room-common ---
[WARNING]  Parameter 'compilerVersion' (user property 'maven.compiler.compilerVersion') is deprecated: This parameter is no longer evaluated by the underlying compilers, instead the actual version of the javac binary is automatically retrieved.
[INFO] Recompiling the module because of changed source code.
[INFO] Compiling 7 source files with javac [debug parameters release 21] to target\classes
[INFO] 由于在类路径中发现了一个或多个处理程序，因此启用了
  批注处理。未来发行版的 javac 可能会禁用批注处理，
  除非至少按名称指定了一个处理程序 (-processor)，
  或指定了搜索路径 (--processor-path, --processor-module-path)，
  或显式启用了批注处理 (-proc:only, -proc:full)。
  可使用 -Xlint:-options 隐藏此消息。
  可使用 -proc:none 禁用批注处理。
[INFO] 
[INFO] --- resources:3.3.1:testResources (default-testResources) @ meeting-room-common ---
[INFO] Not copying test resources
[INFO] 
[INFO] --- compiler:3.14.0:testCompile (default-testCompile) @ meeting-room-common ---
[WARNING]  Parameter 'compilerVersion' (user property 'maven.compiler.compilerVersion') is deprecated: This parameter is no longer evaluated by the underlying compilers, instead the actual version of the javac binary is automatically retrieved.
[INFO] Not compiling test sources
[INFO] 
[INFO] --- surefire:3.5.3:test (default-test) @ meeting-room-common ---
[INFO] Tests are skipped.
[INFO] 
[INFO] --- jar:3.4.2:jar (default-jar) @ meeting-room-common ---
[INFO] Building jar: E:\project\javaProject\meeting_room\meeting-room-common\target\meeting-room-common-1.0.0.jar
[INFO] 
[INFO] --- spring-boot:3.5.4:repackage (repackage) @ meeting-room-common ---
[INFO] 
[INFO] --- install:3.1.4:install (default-install) @ meeting-room-common ---
[INFO] Installing E:\project\javaProject\meeting_room\meeting-room-common\pom.xml to E:\Maven\maven-repository\com\llf\meeting-room-common\1.0.0\meeting-room-common-1.0.0.pom
[INFO] Installing E:\project\javaProject\meeting_room\meeting-room-common\target\meeting-room-common-1.0.0.jar to E:\Maven\maven-repository\com\llf\meeting-room-common\1.0.0\meeting-room-common-1.0.0.jar
[INFO] ------------------------------------------------------------------------
[INFO] BUILD SUCCESS
[INFO] ------------------------------------------------------------------------
[INFO] Total time:  5.577 s
[INFO] Finished at: 2026-05-12T13:05:26+08:00
[INFO] ------------------------------------------------------------------------
[INFO] Scanning for projects...
[INFO] 
[INFO] --------------------< com.llf:meeting-room-server >---------------------
[INFO] Building meeting-room-server 1.0.0
[INFO]   from pom.xml
[INFO] --------------------------------[ jar ]---------------------------------
[INFO] 
[INFO] >>> spring-boot:3.5.4:run (default-cli) > test-compile @ meeting-room-server >>>
[INFO] 
[INFO] --- resources:3.3.1:resources (default-resources) @ meeting-room-server ---
[INFO] Copying 1 resource from src\main\resources to target\classes
[INFO] Copying 4 resources from src\main\resources to target\classes
[INFO] 
[INFO] --- compiler:3.14.0:compile (default-compile) @ meeting-room-server ---
[WARNING]  Parameter 'compilerVersion' (user property 'maven.compiler.compilerVersion') is deprecated: This parameter is no longer evaluated by the underlying compilers, instead the actual version of the javac binary is automatically retrieved.
[INFO] Nothing to compile - all classes are up to date.
[INFO] 
[INFO] --- resources:3.3.1:testResources (default-testResources) @ meeting-room-server ---
[INFO] Not copying test resources
[INFO] 
[INFO] --- compiler:3.14.0:testCompile (default-testCompile) @ meeting-room-server ---
[WARNING]  Parameter 'compilerVersion' (user property 'maven.compiler.compilerVersion') is deprecated: This parameter is no longer evaluated by the underlying compilers, instead the actual version of the javac binary is automatically retrieved.
[INFO] Not compiling test sources
[INFO] 
[INFO] <<< spring-boot:3.5.4:run (default-cli) < test-compile @ meeting-room-server <<<
[INFO] 
[INFO] 
[INFO] --- spring-boot:3.5.4:run (default-cli) @ meeting-room-server ---
[INFO] Attaching agents: []

  .   ____          _            __ _ _
 /\\ / ___'_ __ _ _(_)_ __  __ _ \ \ \ \
( ( )\___ | '_ | '_| | '_ \/ _` | \ \ \ \
 \\/  ___)| |_)| | | | | || (_| |  ) ) ) )
  '  |____| .__|_| |_|_| |_\__, | / / / /
 =========|_|==============|___/=/_/_/_/

 :: Spring Boot ::                (v3.5.4)

2026-05-12T13:05:32.811+08:00  INFO 2288 --- [           main] com.llf.MeetingRoomServerApplication     : Starting MeetingRoomServerApplication using Java 21.0.10 with PID 2288 (E:\project\javaProject\meeting_room\meeting-room-server\target\classes started by Acer in E:\project\javaProject\meeting_room\meeting-room-server)
2026-05-12T13:05:32.816+08:00  INFO 2288 --- [           main] com.llf.MeetingRoomServerApplication     : No active profile set, falling back to 1 default profile: "default"
2026-05-12T13:05:34.430+08:00  INFO 2288 --- [           main] o.s.b.w.embedded.tomcat.TomcatWebServer  : Tomcat initialized with port 8081 (http)
2026-05-12T13:05:34.452+08:00  INFO 2288 --- [           main] o.apache.catalina.core.StandardService   : Starting service [Tomcat]
2026-05-12T13:05:34.452+08:00  INFO 2288 --- [           main] o.apache.catalina.core.StandardEngine    : Starting Servlet engine: [Apache Tomcat/10.1.43]
2026-05-12T13:05:34.541+08:00  INFO 2288 --- [           main] o.a.c.c.C.[Tomcat].[localhost].[/]       : Initializing Spring embedded WebApplicationContext
2026-05-12T13:05:34.543+08:00  INFO 2288 --- [           main] w.s.c.ServletWebServerApplicationContext : Root WebApplicationContext: initialization completed in 1652 ms
Logging initialized using 'class org.apache.ibatis.logging.stdout.StdOutImpl' adapter.
2026-05-12T13:05:35.822+08:00  INFO 2288 --- [           main] o.s.b.w.embedded.tomcat.TomcatWebServer  : Tomcat started on port 8081 (http) with context path '/'
2026-05-12T13:05:35.834+08:00  INFO 2288 --- [           main] com.llf.MeetingRoomServerApplication     : Started MeetingRoomServerApplication in 3.505 seconds (process running for 3.93)
