0 verbose cli E:\nodejs\node.exe E:\nodejs\node_modules\npm\bin\npm-cli.js
1 info using npm@11.6.2
2 info using node@v24.13.0
3 silly config load:file:E:\nodejs\node_modules\npm\npmrc
4 silly config load:file:E:\project\javaProject\meeting_room\.tmp\docx-builder\.npmrc
5 silly config load:file:C:\Users\Acer\.npmrc
6 silly config load:file:E:\project\javaProject\meeting_room\.tmp\docx-builder\etc\npmrc
7 verbose title npm install
8 verbose argv "install" "--prefix" "E:\\project\\javaProject\\meeting_room\\.tmp\\docx-builder"
9 verbose logfile logs-max:10 dir:E:\project\javaProject\meeting_room\.tmp\npm-cache\_logs\2026-04-18T12_42_51_374Z-
10 verbose logfile E:\project\javaProject\meeting_room\.tmp\npm-cache\_logs\2026-04-18T12_42_51_374Z-debug-0.log
11 silly logfile done cleaning log files
12 silly packumentCache heap:4496293888 maxSize:1124073472 maxEntrySize:562036736
13 silly idealTree buildDeps
14 silly fetch manifest docx@^9.5.1
15 silly packumentCache full:http://registry.npmmirror.com/docx cache-miss
16 http fetch GET 200 https://registry.npmmirror.com/docx 158ms (cache miss)
17 silly packumentCache full:http://registry.npmmirror.com/docx set size:53222 disposed:false
18 silly placeDep ROOT docx@9.6.1 OK for:  want: ^9.5.1
19 silly fetch manifest @types/node@^25.2.3
20 silly packumentCache full:http://registry.npmmirror.com/@types%2fnode cache-miss
21 silly fetch manifest hash.js@^1.1.7
22 silly packumentCache full:http://registry.npmmirror.com/hash.js cache-miss
23 silly fetch manifest jszip@^3.10.1
24 silly packumentCache full:http://registry.npmmirror.com/jszip cache-miss
25 silly fetch manifest nanoid@^5.1.3
26 silly packumentCache full:http://registry.npmmirror.com/nanoid cache-miss
27 silly fetch manifest xml@^1.0.1
28 silly packumentCache full:http://registry.npmmirror.com/xml cache-miss
29 silly fetch manifest xml-js@^1.6.8
30 silly packumentCache full:http://registry.npmmirror.com/xml-js cache-miss
31 http fetch GET 200 https://registry.npmmirror.com/npm 206ms
32 http fetch GET 200 https://registry.npmmirror.com/hash.js 75ms (cache miss)
33 silly packumentCache full:http://registry.npmmirror.com/hash.js set size:5752 disposed:false
34 http fetch GET 200 https://registry.npmmirror.com/jszip 124ms (cache miss)
35 silly packumentCache full:http://registry.npmmirror.com/jszip set size:17871 disposed:false
36 http fetch GET 200 https://registry.npmmirror.com/@types%2fnode 135ms (cache miss)
37 silly packumentCache full:http://registry.npmmirror.com/@types%2fnode set size:1151960 disposed:false
38 http fetch GET 200 https://registry.npmmirror.com/xml 199ms (cache miss)
39 silly packumentCache full:http://registry.npmmirror.com/xml set size:5541 disposed:false
40 http fetch GET 200 https://registry.npmmirror.com/nanoid 200ms (cache miss)
41 silly packumentCache full:http://registry.npmmirror.com/nanoid set size:46618 disposed:false
42 http fetch GET 200 https://registry.npmmirror.com/xml-js 203ms (cache miss)
43 silly packumentCache full:http://registry.npmmirror.com/xml-js set size:30764 disposed:false
44 silly placeDep ROOT @types/node@25.6.0 OK for: docx@9.6.1 want: ^25.2.3
45 silly placeDep ROOT hash.js@1.1.7 OK for: docx@9.6.1 want: ^1.1.7
46 silly placeDep ROOT jszip@3.10.1 OK for: docx@9.6.1 want: ^3.10.1
47 silly placeDep ROOT nanoid@5.1.9 OK for: docx@9.6.1 want: ^5.1.3
48 silly placeDep ROOT xml@1.0.1 OK for: docx@9.6.1 want: ^1.0.1
49 silly placeDep ROOT xml-js@1.6.11 OK for: docx@9.6.1 want: ^1.6.8
50 silly fetch manifest undici-types@~7.19.0
51 silly packumentCache full:http://registry.npmmirror.com/undici-types cache-miss
52 silly fetch manifest inherits@^2.0.3
53 silly packumentCache full:http://registry.npmmirror.com/inherits cache-miss
54 silly fetch manifest minimalistic-assert@^1.0.1
55 silly packumentCache full:http://registry.npmmirror.com/minimalistic-assert cache-miss
56 silly fetch manifest lie@~3.3.0
57 silly packumentCache full:http://registry.npmmirror.com/lie cache-miss
58 silly fetch manifest pako@~1.0.2
59 silly packumentCache full:http://registry.npmmirror.com/pako cache-miss
60 silly fetch manifest readable-stream@~2.3.6
61 silly packumentCache full:http://registry.npmmirror.com/readable-stream cache-miss
62 silly fetch manifest setimmediate@^1.0.5
63 silly packumentCache full:http://registry.npmmirror.com/setimmediate cache-miss
64 silly fetch manifest sax@^1.2.4
65 silly packumentCache full:http://registry.npmmirror.com/sax cache-miss
66 http fetch GET 200 https://registry.npmmirror.com/undici-types 39ms (cache miss)
67 silly packumentCache full:http://registry.npmmirror.com/undici-types set size:39652 disposed:false
68 http fetch GET 200 https://registry.npmmirror.com/inherits 44ms (cache miss)
69 silly packumentCache full:http://registry.npmmirror.com/inherits set size:3419 disposed:false
70 http fetch GET 200 https://registry.npmmirror.com/readable-stream 52ms (cache miss)
71 silly packumentCache full:http://registry.npmmirror.com/readable-stream set size:40678 disposed:false
72 http fetch GET 200 https://registry.npmmirror.com/minimalistic-assert 62ms (cache miss)
73 silly packumentCache full:http://registry.npmmirror.com/minimalistic-assert set size:1223 disposed:false
74 http fetch GET 200 https://registry.npmmirror.com/lie 63ms (cache miss)
75 silly packumentCache full:http://registry.npmmirror.com/lie set size:14022 disposed:false
76 http fetch GET 200 https://registry.npmmirror.com/sax 64ms (cache miss)
77 silly packumentCache full:http://registry.npmmirror.com/sax set size:18866 disposed:false
78 http fetch GET 200 https://registry.npmmirror.com/setimmediate 74ms (cache miss)
79 silly packumentCache full:http://registry.npmmirror.com/setimmediate set size:5233 disposed:false
80 http fetch GET 200 https://registry.npmmirror.com/pako 76ms (cache miss)
81 silly packumentCache full:http://registry.npmmirror.com/pako set size:21742 disposed:false
82 silly placeDep ROOT undici-types@7.19.2 OK for: @types/node@25.6.0 want: ~7.19.0
83 silly placeDep ROOT inherits@2.0.4 OK for: hash.js@1.1.7 want: ^2.0.3
84 silly placeDep ROOT minimalistic-assert@1.0.1 OK for: hash.js@1.1.7 want: ^1.0.1
85 silly placeDep ROOT lie@3.3.0 OK for: jszip@3.10.1 want: ~3.3.0
86 silly placeDep ROOT pako@1.0.11 OK for: jszip@3.10.1 want: ~1.0.2
87 silly placeDep ROOT readable-stream@2.3.8 OK for: jszip@3.10.1 want: ~2.3.6
88 silly placeDep ROOT setimmediate@1.0.5 OK for: jszip@3.10.1 want: ^1.0.5
89 silly fetch manifest immediate@~3.0.5
90 silly packumentCache full:http://registry.npmmirror.com/immediate cache-miss
91 silly fetch manifest core-util-is@~1.0.0
92 silly packumentCache full:http://registry.npmmirror.com/core-util-is cache-miss
93 silly fetch manifest isarray@~1.0.0
94 silly packumentCache full:http://registry.npmmirror.com/isarray cache-miss
95 silly fetch manifest process-nextick-args@~2.0.0
96 silly packumentCache full:http://registry.npmmirror.com/process-nextick-args cache-miss
97 silly fetch manifest safe-buffer@~5.1.1
98 silly packumentCache full:http://registry.npmmirror.com/safe-buffer cache-miss
99 silly fetch manifest string_decoder@~1.1.1
100 silly packumentCache full:http://registry.npmmirror.com/string_decoder cache-miss
101 silly fetch manifest util-deprecate@~1.0.1
102 silly packumentCache full:http://registry.npmmirror.com/util-deprecate cache-miss
103 http fetch GET 200 https://registry.npmmirror.com/core-util-is 52ms (cache miss)
104 silly packumentCache full:http://registry.npmmirror.com/core-util-is set size:1796 disposed:false
105 http fetch GET 200 https://registry.npmmirror.com/immediate 52ms (cache miss)
106 silly packumentCache full:http://registry.npmmirror.com/immediate set size:10946 disposed:false
107 http fetch GET 200 https://registry.npmmirror.com/util-deprecate 59ms (cache miss)
108 silly packumentCache full:http://registry.npmmirror.com/util-deprecate set size:2289 disposed:false
109 http fetch GET 200 https://registry.npmmirror.com/safe-buffer 60ms (cache miss)
110 silly packumentCache full:http://registry.npmmirror.com/safe-buffer set size:11685 disposed:false
111 http fetch GET 200 https://registry.npmmirror.com/isarray 63ms (cache miss)
112 silly packumentCache full:http://registry.npmmirror.com/isarray set size:3703 disposed:false
113 http fetch GET 200 https://registry.npmmirror.com/process-nextick-args 64ms (cache miss)
114 silly packumentCache full:http://registry.npmmirror.com/process-nextick-args set size:3341 disposed:false
115 http fetch GET 200 https://registry.npmmirror.com/string_decoder 97ms (cache miss)
116 silly packumentCache full:http://registry.npmmirror.com/string_decoder set size:5759 disposed:false
117 silly placeDep ROOT immediate@3.0.6 OK for: lie@3.3.0 want: ~3.0.5
118 silly placeDep ROOT core-util-is@1.0.3 OK for: readable-stream@2.3.8 want: ~1.0.0
119 silly placeDep ROOT isarray@1.0.0 OK for: readable-stream@2.3.8 want: ~1.0.0
120 silly placeDep ROOT process-nextick-args@2.0.1 OK for: readable-stream@2.3.8 want: ~2.0.0
121 silly placeDep ROOT safe-buffer@5.1.2 OK for: readable-stream@2.3.8 want: ~5.1.1
122 silly placeDep ROOT string_decoder@1.1.1 OK for: readable-stream@2.3.8 want: ~1.1.1
123 silly placeDep ROOT util-deprecate@1.0.2 OK for: readable-stream@2.3.8 want: ~1.0.1
124 silly placeDep ROOT sax@1.6.0 OK for: xml-js@1.6.11 want: ^1.2.4
125 silly reify moves {}
126 silly audit bulk request {
126 silly audit   docx: [ '9.6.1' ],
126 silly audit   '@types/node': [ '25.6.0' ],
126 silly audit   'hash.js': [ '1.1.7' ],
126 silly audit   jszip: [ '3.10.1' ],
126 silly audit   nanoid: [ '5.1.9' ],
126 silly audit   xml: [ '1.0.1' ],
126 silly audit   'xml-js': [ '1.6.11' ],
126 silly audit   'undici-types': [ '7.19.2' ],
126 silly audit   inherits: [ '2.0.4' ],
126 silly audit   'minimalistic-assert': [ '1.0.1' ],
126 silly audit   lie: [ '3.3.0' ],
126 silly audit   pako: [ '1.0.11' ],
126 silly audit   'readable-stream': [ '2.3.8' ],
126 silly audit   setimmediate: [ '1.0.5' ],
126 silly audit   immediate: [ '3.0.6' ],
126 silly audit   'core-util-is': [ '1.0.3' ],
126 silly audit   isarray: [ '1.0.0' ],
126 silly audit   'process-nextick-args': [ '2.0.1' ],
126 silly audit   'safe-buffer': [ '5.1.2' ],
126 silly audit   string_decoder: [ '1.1.1' ],
126 silly audit   'util-deprecate': [ '1.0.2' ],
126 silly audit   sax: [ '1.6.0' ]
126 silly audit }
127 http cache sax@https://registry.npmmirror.com/sax/-/sax-1.6.0.tgz 0ms (cache hit)
128 http cache process-nextick-args@https://registry.npmmirror.com/process-nextick-args/-/process-nextick-args-2.0.1.tgz 0ms (cache hit)
129 http cache util-deprecate@https://registry.npmmirror.com/util-deprecate/-/util-deprecate-1.0.2.tgz 0ms (cache hit)
130 http cache isarray@https://registry.npmmirror.com/isarray/-/isarray-1.0.0.tgz 0ms (cache hit)
131 http cache immediate@https://registry.npmmirror.com/immediate/-/immediate-3.0.6.tgz 0ms (cache hit)
132 http cache string_decoder@https://registry.npmmirror.com/string_decoder/-/string_decoder-1.1.1.tgz 0ms (cache hit)
133 http cache core-util-is@https://registry.npmmirror.com/core-util-is/-/core-util-is-1.0.3.tgz 0ms (cache hit)
134 http cache safe-buffer@https://registry.npmmirror.com/safe-buffer/-/safe-buffer-5.1.2.tgz 0ms (cache hit)
135 http cache setimmediate@https://registry.npmmirror.com/setimmediate/-/setimmediate-1.0.5.tgz 0ms (cache hit)
136 http cache readable-stream@https://registry.npmmirror.com/readable-stream/-/readable-stream-2.3.8.tgz 0ms (cache hit)
137 http cache minimalistic-assert@https://registry.npmmirror.com/minimalistic-assert/-/minimalistic-assert-1.0.1.tgz 0ms (cache hit)
138 http cache pako@https://registry.npmmirror.com/pako/-/pako-1.0.11.tgz 0ms (cache hit)
139 http cache inherits@https://registry.npmmirror.com/inherits/-/inherits-2.0.4.tgz 0ms (cache hit)
140 http cache undici-types@https://registry.npmmirror.com/undici-types/-/undici-types-7.19.2.tgz 0ms (cache hit)
141 http cache xml@https://registry.npmmirror.com/xml/-/xml-1.0.1.tgz 0ms (cache hit)
142 http cache xml-js@https://registry.npmmirror.com/xml-js/-/xml-js-1.6.11.tgz 0ms (cache hit)
143 http cache lie@https://registry.npmmirror.com/lie/-/lie-3.3.0.tgz 0ms (cache hit)
144 http cache nanoid@https://registry.npmmirror.com/nanoid/-/nanoid-5.1.9.tgz 0ms (cache hit)
145 http cache jszip@https://registry.npmmirror.com/jszip/-/jszip-3.10.1.tgz 0ms (cache hit)
146 silly tarball no local data for sax@https://registry.npmmirror.com/sax/-/sax-1.6.0.tgz. Extracting by manifest.
147 silly tarball no local data for process-nextick-args@https://registry.npmmirror.com/process-nextick-args/-/process-nextick-args-2.0.1.tgz. Extracting by manifest.
148 silly tarball no local data for util-deprecate@https://registry.npmmirror.com/util-deprecate/-/util-deprecate-1.0.2.tgz. Extracting by manifest.
149 http cache @types/node@https://registry.npmmirror.com/@types/node/-/node-25.6.0.tgz 0ms (cache hit)
150 silly tarball no local data for isarray@https://registry.npmmirror.com/isarray/-/isarray-1.0.0.tgz. Extracting by manifest.
151 silly tarball no local data for immediate@https://registry.npmmirror.com/immediate/-/immediate-3.0.6.tgz. Extracting by manifest.
152 silly tarball no local data for string_decoder@https://registry.npmmirror.com/string_decoder/-/string_decoder-1.1.1.tgz. Extracting by manifest.
153 silly tarball no local data for core-util-is@https://registry.npmmirror.com/core-util-is/-/core-util-is-1.0.3.tgz. Extracting by manifest.
154 silly tarball no local data for safe-buffer@https://registry.npmmirror.com/safe-buffer/-/safe-buffer-5.1.2.tgz. Extracting by manifest.
155 silly tarball no local data for setimmediate@https://registry.npmmirror.com/setimmediate/-/setimmediate-1.0.5.tgz. Extracting by manifest.
156 silly tarball no local data for readable-stream@https://registry.npmmirror.com/readable-stream/-/readable-stream-2.3.8.tgz. Extracting by manifest.
157 http cache docx@https://registry.npmmirror.com/docx/-/docx-9.6.1.tgz 0ms (cache hit)
158 silly tarball no local data for minimalistic-assert@https://registry.npmmirror.com/minimalistic-assert/-/minimalistic-assert-1.0.1.tgz. Extracting by manifest.
159 silly tarball no local data for pako@https://registry.npmmirror.com/pako/-/pako-1.0.11.tgz. Extracting by manifest.
160 silly tarball no local data for inherits@https://registry.npmmirror.com/inherits/-/inherits-2.0.4.tgz. Extracting by manifest.
161 silly tarball no local data for undici-types@https://registry.npmmirror.com/undici-types/-/undici-types-7.19.2.tgz. Extracting by manifest.
162 silly tarball no local data for xml@https://registry.npmmirror.com/xml/-/xml-1.0.1.tgz. Extracting by manifest.
163 silly tarball no local data for xml-js@https://registry.npmmirror.com/xml-js/-/xml-js-1.6.11.tgz. Extracting by manifest.
164 http cache hash.js@https://registry.npmmirror.com/hash.js/-/hash.js-1.1.7.tgz 0ms (cache hit)
165 silly tarball no local data for lie@https://registry.npmmirror.com/lie/-/lie-3.3.0.tgz. Extracting by manifest.
166 silly tarball no local data for nanoid@https://registry.npmmirror.com/nanoid/-/nanoid-5.1.9.tgz. Extracting by manifest.
167 silly tarball no local data for jszip@https://registry.npmmirror.com/jszip/-/jszip-3.10.1.tgz. Extracting by manifest.
168 silly tarball no local data for @types/node@https://registry.npmmirror.com/@types/node/-/node-25.6.0.tgz. Extracting by manifest.
169 silly tarball no local data for docx@https://registry.npmmirror.com/docx/-/docx-9.6.1.tgz. Extracting by manifest.
170 silly tarball no local data for hash.js@https://registry.npmmirror.com/hash.js/-/hash.js-1.1.7.tgz. Extracting by manifest.
171 http fetch POST 404 https://registry.npmmirror.com/-/npm/v1/security/advisories/bulk 121ms (cache skip)
172 verbose audit error HttpErrorGeneral: 404 Not Found - POST https://registry.npmmirror.com/-/npm/v1/security/advisories/bulk - [NOT_IMPLEMENTED] /-/npm/v1/security/* not implemented yet
172 verbose audit error     at E:\nodejs\node_modules\npm\node_modules\npm-registry-fetch\lib\check-response.js:103:15
172 verbose audit error     at process.processTicksAndRejections (node:internal/process/task_queues:103:5)
172 verbose audit error     at async #getReport (E:\nodejs\node_modules\npm\node_modules\@npmcli\arborist\lib\audit-report.js:275:19)
172 verbose audit error     at async AuditReport.run (E:\nodejs\node_modules\npm\node_modules\@npmcli\arborist\lib\audit-report.js:100:19) {
172 verbose audit error   headers: [Object: null prototype] {
172 verbose audit error     server: [ 'Tengine' ],
172 verbose audit error     date: [ 'Sat, 18 Apr 2026 12:42:51 GMT' ],
172 verbose audit error     'content-type': [ 'application/json' ],
172 verbose audit error     'transfer-encoding': [ 'chunked' ],
172 verbose audit error     connection: [ 'keep-alive' ],
172 verbose audit error     'strict-transport-security': [ 'max-age=5184000' ],
172 verbose audit error     via: [ 'kunlun1.cn7971[,404666]' ],
172 verbose audit error     'timing-allow-origin': [ '*' ],
172 verbose audit error     eagleid: [ '7ae4d61517765161717247498e' ],
172 verbose audit error     'x-fetch-attempts': [ '1' ],
172 verbose audit error     'x-local-cache-status': [ 'skip' ]
172 verbose audit error   },
172 verbose audit error   statusCode: 404,
172 verbose audit error   code: 'E404',
172 verbose audit error   method: 'POST',
172 verbose audit error   uri: 'https://registry.npmmirror.com/-/npm/v1/security/advisories/bulk',
172 verbose audit error   body: {
172 verbose audit error     error: '[NOT_IMPLEMENTED] /-/npm/v1/security/* not implemented yet'
172 verbose audit error   },
172 verbose audit error   pkgid: undefined
172 verbose audit error }
173 silly audit error [object Object]
174 silly audit report null
175 http fetch GET 200 https://cdn.npmmirror.com/packages/isarray/1.0.0/isarray-1.0.0.tgz 164ms (cache miss)
176 http fetch GET 200 https://cdn.npmmirror.com/packages/sax/1.6.0/sax-1.6.0.tgz 168ms (cache miss)
177 http fetch GET 200 https://cdn.npmmirror.com/packages/core-util-is/1.0.3/core-util-is-1.0.3.tgz 166ms (cache miss)
178 http fetch GET 200 https://cdn.npmmirror.com/packages/process-nextick-args/2.0.1/process-nextick-args-2.0.1.tgz 169ms (cache miss)
179 http fetch GET 200 https://cdn.npmmirror.com/packages/inherits/2.0.4/inherits-2.0.4.tgz 169ms (cache miss)
180 http fetch GET 200 https://cdn.npmmirror.com/packages/string_decoder/1.1.1/string_decoder-1.1.1.tgz 177ms (cache miss)
181 http fetch GET 200 https://cdn.npmmirror.com/packages/immediate/3.0.6/immediate-3.0.6.tgz 177ms (cache miss)
182 http fetch GET 200 https://cdn.npmmirror.com/packages/util-deprecate/1.0.2/util-deprecate-1.0.2.tgz 188ms (cache miss)
183 http fetch GET 200 https://cdn.npmmirror.com/packages/setimmediate/1.0.5/setimmediate-1.0.5.tgz 188ms (cache miss)
184 http fetch GET 200 https://cdn.npmmirror.com/packages/safe-buffer/5.1.2/safe-buffer-5.1.2.tgz 195ms (cache miss)
185 http fetch GET 200 https://cdn.npmmirror.com/packages/minimalistic-assert/1.0.1/minimalistic-assert-1.0.1.tgz 197ms (cache miss)
186 http fetch GET 200 https://cdn.npmmirror.com/packages/xml/1.0.1/xml-1.0.1.tgz 215ms (cache miss)
187 http fetch GET 200 https://cdn.npmmirror.com/packages/nanoid/5.1.9/nanoid-5.1.9.tgz 217ms (cache miss)
188 http fetch GET 200 https://cdn.npmmirror.com/packages/lie/3.3.0/lie-3.3.0.tgz 221ms (cache miss)
189 http fetch GET 200 https://cdn.npmmirror.com/packages/readable-stream/2.3.8/readable-stream-2.3.8.tgz 255ms (cache miss)
190 http fetch GET 200 https://cdn.npmmirror.com/packages/hash.js/1.1.7/hash.js-1.1.7.tgz 239ms (cache miss)
191 http fetch GET 200 https://cdn.npmmirror.com/packages/xml-js/1.6.11/xml-js-1.6.11.tgz 256ms (cache miss)
192 http fetch GET 200 https://cdn.npmmirror.com/packages/undici-types/7.19.2/undici-types-7.19.2.tgz 289ms (cache miss)
193 http fetch GET 200 https://cdn.npmmirror.com/packages/pako/1.0.11/pako-1.0.11.tgz 291ms (cache miss)
194 http fetch GET 200 https://cdn.npmmirror.com/packages/docx/9.6.1/docx-9.6.1.tgz 284ms (cache miss)
195 http fetch GET 200 https://cdn.npmmirror.com/packages/jszip/3.10.1/jszip-3.10.1.tgz 323ms (cache miss)
196 http fetch GET 200 https://cdn.npmmirror.com/packages/%40types/node/25.6.0/node-25.6.0.tgz 377ms (cache miss)
197 silly ADD node_modules/sax
198 silly ADD node_modules/util-deprecate
199 silly ADD node_modules/string_decoder
200 silly ADD node_modules/safe-buffer
201 silly ADD node_modules/process-nextick-args
202 silly ADD node_modules/isarray
203 silly ADD node_modules/core-util-is
204 silly ADD node_modules/immediate
205 silly ADD node_modules/setimmediate
206 silly ADD node_modules/readable-stream
207 silly ADD node_modules/pako
208 silly ADD node_modules/lie
209 silly ADD node_modules/minimalistic-assert
210 silly ADD node_modules/inherits
211 silly ADD node_modules/undici-types
212 silly ADD node_modules/xml-js
213 silly ADD node_modules/xml
214 silly ADD node_modules/nanoid
215 silly ADD node_modules/jszip
216 silly ADD node_modules/hash.js
217 silly ADD node_modules/@types/node
218 silly ADD node_modules/docx
219 verbose cwd E:\project\javaProject\meeting_room
220 verbose os Windows_NT 10.0.26200
221 verbose node v24.13.0
222 verbose npm  v11.6.2
223 notice
223 notice New minor version of npm available! 11.6.2 -> 11.12.1
223 notice Changelog: https://github.com/npm/cli/releases/tag/v11.12.1
223 notice To update run: npm install -g npm@11.12.1
223 notice  { force: true, Symbol(proc-log.meta): true }
224 verbose exit 0
225 info ok
